2021-06-14 18:07:48 [scrapy.utils.log] INFO: Scrapy 2.5.0 started (bot: scrapy_demo)
2021-06-14 18:07:48 [scrapy.utils.log] INFO: Versions: lxml 4.6.3.0, libxml2 2.9.5, cssselect 1.1.0, parsel 1.6.0, w3lib 1.22.0, Twisted 21.2.0, Python 3.6.8 |Anaconda, Inc.| (default, Feb 21 2019, 18:30:04) [MSC v.1916 64 bit (AMD64)], pyOpenSSL 19.0.0 (OpenSSL 1.1.1c  28 May 2019), cryptography 2.6.1, Platform Windows-10-10.0.19041-SP0
2021-06-14 18:07:48 [scrapy.utils.log] DEBUG: Using reactor: twisted.internet.selectreactor.SelectReactor
2021-06-14 18:07:48 [scrapy.crawler] INFO: Overridden settings:
{'BOT_NAME': 'scrapy_demo',
 'LOG_FILE': './Output/ettoday.log',
 'NEWSPIDER_MODULE': 'scrapy_demo.spiders',
 'ROBOTSTXT_OBEY': True,
 'SPIDER_MODULES': ['scrapy_demo.spiders']}
2021-06-14 18:07:48 [scrapy.extensions.telnet] INFO: Telnet Password: 918a10f87ba78cb5
2021-06-14 18:07:48 [scrapy.middleware] INFO: Enabled extensions:
['scrapy.extensions.corestats.CoreStats',
 'scrapy.extensions.telnet.TelnetConsole',
 'scrapy.extensions.logstats.LogStats']
2021-06-14 18:07:49 [scrapy.middleware] INFO: Enabled downloader middlewares:
['scrapy.downloadermiddlewares.robotstxt.RobotsTxtMiddleware',
 'scrapy.downloadermiddlewares.httpauth.HttpAuthMiddleware',
 'scrapy.downloadermiddlewares.downloadtimeout.DownloadTimeoutMiddleware',
 'scrapy.downloadermiddlewares.defaultheaders.DefaultHeadersMiddleware',
 'scrapy.downloadermiddlewares.useragent.UserAgentMiddleware',
 'scrapy.downloadermiddlewares.retry.RetryMiddleware',
 'scrapy.downloadermiddlewares.redirect.MetaRefreshMiddleware',
 'scrapy.downloadermiddlewares.httpcompression.HttpCompressionMiddleware',
 'scrapy.downloadermiddlewares.redirect.RedirectMiddleware',
 'scrapy.downloadermiddlewares.cookies.CookiesMiddleware',
 'scrapy.downloadermiddlewares.httpproxy.HttpProxyMiddleware',
 'scrapy.downloadermiddlewares.stats.DownloaderStats']
2021-06-14 18:07:49 [scrapy.middleware] INFO: Enabled spider middlewares:
['scrapy.spidermiddlewares.httperror.HttpErrorMiddleware',
 'scrapy.spidermiddlewares.offsite.OffsiteMiddleware',
 'scrapy.spidermiddlewares.referer.RefererMiddleware',
 'scrapy.spidermiddlewares.urllength.UrlLengthMiddleware',
 'scrapy.spidermiddlewares.depth.DepthMiddleware']
2021-06-14 18:07:49 [scrapy.middleware] INFO: Enabled item pipelines:
[]
2021-06-14 18:07:49 [scrapy.core.engine] INFO: Spider opened
2021-06-14 18:07:49 [scrapy.extensions.logstats] INFO: Crawled 0 pages (at 0 pages/min), scraped 0 items (at 0 items/min)
2021-06-14 18:07:49 [scrapy.extensions.telnet] INFO: Telnet console listening on 127.0.0.1:6023
2021-06-14 18:07:49 [scrapy.core.engine] DEBUG: Crawled (200) <GET https://www.ettoday.net/robots.txt> (referer: None)
2021-06-14 18:07:49 [scrapy.core.engine] DEBUG: Crawled (200) <GET https://www.ettoday.net/news/20201004/1824032.htm> (referer: None)
2021-06-14 18:07:49 [scrapy.core.engine] INFO: Closing spider (finished)
2021-06-14 18:07:49 [scrapy.statscollectors] INFO: Dumping Scrapy stats:
{'downloader/request_bytes': 465,
 'downloader/request_count': 2,
 'downloader/request_method_count/GET': 2,
 'downloader/response_bytes': 24980,
 'downloader/response_count': 2,
 'downloader/response_status_count/200': 2,
 'elapsed_time_seconds': 0.267845,
 'finish_reason': 'finished',
 'finish_time': datetime.datetime(2021, 6, 14, 10, 7, 49, 717770),
 'httpcompression/response_bytes': 122343,
 'httpcompression/response_count': 2,
 'log_count/DEBUG': 2,
 'log_count/INFO': 10,
 'response_received_count': 2,
 'robotstxt/request_count': 1,
 'robotstxt/response_count': 1,
 'robotstxt/response_status_count/200': 1,
 'scheduler/dequeued': 1,
 'scheduler/dequeued/memory': 1,
 'scheduler/enqueued': 1,
 'scheduler/enqueued/memory': 1,
 'start_time': datetime.datetime(2021, 6, 14, 10, 7, 49, 449925)}
2021-06-14 18:07:49 [scrapy.core.engine] INFO: Spider closed (finished)
